<?xml version="1.0" encoding="UTF-8"?>
<!-- Generated by org.testng.reporters.JUnitReportReporter -->
<testsuite hostname="rajus-MBP.fios-router.home" name="testNGBrowsers.TestGoogleBrowser" tests="1" failures="0" timestamp="21 Aug 2016 19:34:49 GMT" time="0.005" errors="0">
  <testcase name="testBrowser" time="0.005" classname="testNGBrowsers.TestGoogleBrowser"/>
</testsuite> <!-- testNGBrowsers.TestGoogleBrowser -->
