<?xml version="1.0" encoding="UTF-8"?>
<!-- Generated by org.testng.reporters.JUnitReportReporter -->
<testsuite hostname="rajus-MBP.fios-router.home" name="testNGFiles.SmartAppLogin" tests="9" failures="0" timestamp="21 Aug 2016 15:16:45 GMT" time="169.364" errors="0">
  <testcase name="clickFAB1" time="15.373" classname="testNGFiles.SmartAppLogin"/>
  <testcase name="clickFAB2" time="6.131" classname="testNGFiles.SmartAppLogin"/>
  <testcase name="clickADDFAB" time="1.432" classname="testNGFiles.SmartAppLogin"/>
  <testcase name="enterDataQAPushNotification1" time="12.181" classname="testNGFiles.SmartAppLogin"/>
  <testcase name="clickSmartApps" time="0.977" classname="testNGFiles.SmartAppLogin"/>
  <testcase name="clickV16Smoke" time="85.099" classname="testNGFiles.SmartAppLogin"/>
  <testcase name="clickQAPushNotification" time="11.707" classname="testNGFiles.SmartAppLogin"/>
  <testcase name="clickQAPushNotification1" time="3.819" classname="testNGFiles.SmartAppLogin"/>
  <testcase name="login" time="32.645" classname="testNGFiles.SmartAppLogin"/>
</testsuite> <!-- testNGFiles.SmartAppLogin -->
