<?xml version="1.0" encoding="UTF-8"?>
<!-- Generated by org.testng.reporters.JUnitReportReporter -->
<testsuite hostname="rajus-MBP.fios-router.home" name="testNGFiles.SmartAppTestCase1" tests="9" failures="0" timestamp="21 Aug 2016 16:04:36 GMT" time="167.737" errors="0">
  <testcase name="login" time="32.582" classname="testNGFiles.SmartAppTestCase1"/>
  <testcase name="enterDataQAPushNotification1" time="11.669" classname="testNGFiles.SmartAppTestCase1"/>
  <testcase name="clickFAB2" time="6.901" classname="testNGFiles.SmartAppTestCase1"/>
  <testcase name="clickQAPushNotification1" time="3.190" classname="testNGFiles.SmartAppTestCase1"/>
  <testcase name="clickADDFAB" time="1.470" classname="testNGFiles.SmartAppTestCase1"/>
  <testcase name="clickSmartApps" time="1.152" classname="testNGFiles.SmartAppTestCase1"/>
  <testcase name="clickFAB1" time="14.917" classname="testNGFiles.SmartAppTestCase1"/>
  <testcase name="clickV16Smoke" time="84.222" classname="testNGFiles.SmartAppTestCase1"/>
  <testcase name="clickQAPushNotification" time="11.634" classname="testNGFiles.SmartAppTestCase1"/>
</testsuite> <!-- testNGFiles.SmartAppTestCase1 -->
